#
# There is insufficient memory for the Java Runtime Environment to continue.
# Native memory allocation (mmap) failed to map 536870912 bytes for G1 virtual space
# Possible reasons:
#   The system is out of physical RAM or swap space
#   The process is running with CompressedOops enabled, and the Java Heap may be blocking the growth of the native heap
# Possible solutions:
#   Reduce memory load on the system
#   Increase physical memory or swap space
#   Check if swap backing store is full
#   Decrease Java heap size (-Xmx/-Xms)
#   Decrease number of Java threads
#   Decrease Java thread stack sizes (-Xss)
#   Set larger code cache with -XX:ReservedCodeCacheSize=
#   JVM is running with Zero Based Compressed Oops mode in which the Java heap is
#     placed in the first 32GB address space. The Java Heap base address is the
#     maximum limit for the native heap growth. Please use -XX:HeapBaseMinAddress
#     to set the Java Heap base and to place the Java Heap above 32GB virtual address.
# This output file may be truncated or incomplete.
#
#  Out of Memory Error (os_windows.cpp:3600), pid=188988, tid=196716
#
# JRE version:  (21.0.2+13) (build )
# Java VM: OpenJDK 64-Bit Server VM (21.0.2+13-LTS, mixed mode, sharing, tiered, compressed oops, compressed class ptrs, g1 gc, windows-amd64)
# No core dump will be written. Minidumps are not enabled by default on client versions of Windows
#

---------------  S U M M A R Y ------------

Command Line: C:\Users\mahtirschii\AppData\Local\Temp\surefire17022828687996233710\surefirebooter-20240923113029915_9.jar C:\Users\mahtirschii\AppData\Local\Temp\surefire17022828687996233710 2024-09-23T11-27-11_289-jvmRun1 surefire-20240923113029915_7tmp surefire_2-20240923113029915_8tmp

Host: Intel(R) Core(TM) i5-8400 CPU @ 2.80GHz, 6 cores, 31G,  Windows 10 , 64 bit Build 19041 (10.0.19041.4842)
Time: Mon Sep 23 11:30:30 2024 E. Europe Daylight Time elapsed time: 0.056244 seconds (0d 0h 0m 0s)

---------------  T H R E A D  ---------------

Current thread (0x000001ffd4b4b990):  JavaThread "Unknown thread" [_thread_in_vm, id=196716, stack(0x0000007902d00000,0x0000007902e00000) (1024K)]

Stack: [0x0000007902d00000,0x0000007902e00000]
Native frames: (J=compiled Java code, j=interpreted, Vv=VM code, C=native code)
V  [jvm.dll+0x6d47f9]
V  [jvm.dll+0x8afff3]
V  [jvm.dll+0x8b234e]
V  [jvm.dll+0x8b2a33]
V  [jvm.dll+0x284e96]
V  [jvm.dll+0x6d0fc5]
V  [jvm.dll+0x6c56fa]
V  [jvm.dll+0x35bb9b]
V  [jvm.dll+0x363746]
V  [jvm.dll+0x3b4c06]
V  [jvm.dll+0x3b4ed8]
V  [jvm.dll+0x32f2dc]
V  [jvm.dll+0x32ffcb]
V  [jvm.dll+0x878169]
V  [jvm.dll+0x3c1fd1]
V  [jvm.dll+0x860b88]
V  [jvm.dll+0x455c1e]
V  [jvm.dll+0x4576f1]
C  [jli.dll+0x52ab]
C  [ucrtbase.dll+0x21bb2]
C  [KERNEL32.DLL+0x17374]
C  [ntdll.dll+0x4cc91]


---------------  P R O C E S S  ---------------

Threads class SMR info:
_java_thread_list=0x00007ffda7bfc048, length=0, elements={
}

Java Threads: ( => current thread )
Total: 0

Other Threads:
  0x000001ffd6f87330 WorkerThread "GC Thread#0"                     [id=196704, stack(0x0000007902e00000,0x0000007902f00000) (1024K)]
  0x000001ffd6f98bd0 ConcurrentGCThread "G1 Main Marker"            [id=200188, stack(0x0000007902f00000,0x0000007903000000) (1024K)]
  0x000001ffd6f99e70 WorkerThread "G1 Conc#0"                       [id=199720, stack(0x0000007903000000,0x0000007903100000) (1024K)]

[error occurred during error reporting (printing all threads), id 0xc0000005, EXCEPTION_ACCESS_VIOLATION (0xc0000005) at pc=0x00007ffda7302437]
VM state: not at safepoint (not fully initialized)

VM Mutex/Monitor currently owned by a thread:  ([mutex/lock_event])
[0x00007ffda7c70238] Heap_lock - owner thread: 0x000001ffd4b4b990

Heap address: 0x0000000602000000, size: 8160 MB, Compressed Oops mode: Zero based, Oop shift amount: 3

CDS archive(s) mapped at: [0x0000000000000000-0x0000000000000000-0x0000000000000000), size 0, SharedBaseAddress: 0x0000000800000000, ArchiveRelocationMode: 1.
Narrow klass base: 0x0000000000000000, Narrow klass shift: 0, Narrow klass range: 0x0

GC Precious Log:
 CardTable entry size: 512
 Card Set container configuration: InlinePtr #cards 4 size 8 Array Of Cards #cards 32 size 80 Howl #buckets 8 coarsen threshold 7372 Howl Bitmap #cards 1024 size 144 coarsen threshold 921 Card regions per heap region 1 cards per card region 8192

Heap:
 garbage-first heap   total 0K, used 0K [0x0000000602000000, 0x0000000800000000)
  region size 4096K, 0 young (0K), 0 survivors (0K)

[error occurred during error reporting (printing heap information), id 0xc0000005, EXCEPTION_ACCESS_VIOLATION (0xc0000005) at pc=0x00007ffda76ed5d9]
GC Heap History (0 events):
No events

Dll operation events (1 events):
Event: 0.014 Loaded shared library D:\jdks\corretto-21.0.2\bin\java.dll

Deoptimization events (0 events):
No events

Classes loaded (0 events):
No events

Classes unloaded (0 events):
No events

Classes redefined (0 events):
No events

Internal exceptions (0 events):
No events

ZGC Phase Switch (0 events):
No events

VM Operations (0 events):
No events

Events (0 events):
No events


Dynamic libraries:
0x00007ff6b53a0000 - 0x00007ff6b53ae000 	D:\jdks\corretto-21.0.2\bin\java.exe
0x00007ffe3cdd0000 - 0x00007ffe3cfc8000 	C:\WINDOWS\SYSTEM32\ntdll.dll
0x00007ffe3cc40000 - 0x00007ffe3cd01000 	C:\WINDOWS\System32\KERNEL32.DLL
0x00007ffe3a950000 - 0x00007ffe3ac4d000 	C:\WINDOWS\System32\KERNELBASE.dll
0x00007ffe3a0c0000 - 0x00007ffe3a20c000 	C:\Windows\system32\hmpalert.dll
0x00007ffe3a820000 - 0x00007ffe3a920000 	C:\WINDOWS\System32\ucrtbase.dll
0x00007ffe1f040000 - 0x00007ffe1f058000 	D:\jdks\corretto-21.0.2\bin\jli.dll
0x00007ffe1f020000 - 0x00007ffe1f03b000 	D:\jdks\corretto-21.0.2\bin\VCRUNTIME140.dll
0x00007ffe3b4c0000 - 0x00007ffe3b65d000 	C:\WINDOWS\System32\USER32.dll
0x00007ffe3a920000 - 0x00007ffe3a942000 	C:\WINDOWS\System32\win32u.dll
0x00007ffe3baa0000 - 0x00007ffe3bacb000 	C:\WINDOWS\System32\GDI32.dll
0x00007ffe3a700000 - 0x00007ffe3a817000 	C:\WINDOWS\System32\gdi32full.dll
0x00007ffe3ad60000 - 0x00007ffe3adfd000 	C:\WINDOWS\System32\msvcp_win.dll
0x00007ffe25f50000 - 0x00007ffe261ea000 	C:\WINDOWS\WinSxS\amd64_microsoft.windows.common-controls_6595b64144ccf1df_6.0.19041.4355_none_60b8b9eb71f62e16\COMCTL32.dll
0x00007ffe3c9e0000 - 0x00007ffe3ca7e000 	C:\WINDOWS\System32\msvcrt.dll
0x00007ffe3c9a0000 - 0x00007ffe3c9cf000 	C:\WINDOWS\System32\IMM32.DLL
0x00007ffe261f0000 - 0x00007ffe261fc000 	D:\jdks\corretto-21.0.2\bin\vcruntime140_1.dll
0x00007ffe05810000 - 0x00007ffe0589d000 	D:\jdks\corretto-21.0.2\bin\msvcp140.dll
0x00007ffda6fc0000 - 0x00007ffda7d50000 	D:\jdks\corretto-21.0.2\bin\server\jvm.dll
0x00007ffe3b790000 - 0x00007ffe3b840000 	C:\WINDOWS\System32\ADVAPI32.dll
0x00007ffe3cba0000 - 0x00007ffe3cc40000 	C:\WINDOWS\System32\sechost.dll
0x00007ffe3b8b0000 - 0x00007ffe3b9d3000 	C:\WINDOWS\System32\RPCRT4.dll
0x00007ffe3ac50000 - 0x00007ffe3ac77000 	C:\WINDOWS\System32\bcrypt.dll
0x00007ffe3b840000 - 0x00007ffe3b8ab000 	C:\WINDOWS\System32\WS2_32.dll
0x00007ffe39c30000 - 0x00007ffe39c7b000 	C:\WINDOWS\SYSTEM32\POWRPROF.dll
0x00007ffe23820000 - 0x00007ffe23847000 	C:\WINDOWS\SYSTEM32\WINMM.dll
0x00007ffe34610000 - 0x00007ffe3461a000 	C:\WINDOWS\SYSTEM32\VERSION.dll
0x00007ffe39c10000 - 0x00007ffe39c22000 	C:\WINDOWS\SYSTEM32\UMPDC.dll
0x00007ffe37fb0000 - 0x00007ffe37fc2000 	C:\WINDOWS\SYSTEM32\kernel.appcore.dll
0x00007ffe1f010000 - 0x00007ffe1f01a000 	D:\jdks\corretto-21.0.2\bin\jimage.dll
0x00007ffe33b90000 - 0x00007ffe33d74000 	C:\WINDOWS\SYSTEM32\DBGHELP.DLL
0x00007ffe31af0000 - 0x00007ffe31b24000 	C:\WINDOWS\SYSTEM32\dbgcore.DLL
0x00007ffe3ac80000 - 0x00007ffe3ad02000 	C:\WINDOWS\System32\bcryptPrimitives.dll
0x00007ffe1eff0000 - 0x00007ffe1f00f000 	D:\jdks\corretto-21.0.2\bin\java.dll

dbghelp: loaded successfully - version: 4.0.5 - missing functions: none
symbol engine: initialized successfully - sym options: 0x614 - pdb path: .;D:\jdks\corretto-21.0.2\bin;C:\WINDOWS\SYSTEM32;C:\WINDOWS\WinSxS\amd64_microsoft.windows.common-controls_6595b64144ccf1df_6.0.19041.4355_none_60b8b9eb71f62e16;D:\jdks\corretto-21.0.2\bin\server

VM Arguments:
java_command: C:\Users\mahtirschii\AppData\Local\Temp\surefire17022828687996233710\surefirebooter-20240923113029915_9.jar C:\Users\mahtirschii\AppData\Local\Temp\surefire17022828687996233710 2024-09-23T11-27-11_289-jvmRun1 surefire-20240923113029915_7tmp surefire_2-20240923113029915_8tmp
java_class_path (initial): C:\Users\mahtirschii\AppData\Local\Temp\surefire17022828687996233710\surefirebooter-20240923113029915_9.jar
Launcher Type: SUN_STANDARD

[Global flags]
     intx CICompilerCount                          = 3                                         {product} {ergonomic}
     uint ConcGCThreads                            = 2                                         {product} {ergonomic}
     uint G1ConcRefinementThreads                  = 6                                         {product} {ergonomic}
   size_t G1HeapRegionSize                         = 4194304                                   {product} {ergonomic}
    uintx GCDrainStackTargetSize                   = 64                                        {product} {ergonomic}
   size_t InitialHeapSize                          = 536870912                                 {product} {ergonomic}
   size_t MarkStackSize                            = 4194304                                   {product} {ergonomic}
   size_t MaxHeapSize                              = 8556380160                                {product} {ergonomic}
   size_t MinHeapDeltaBytes                        = 4194304                                   {product} {ergonomic}
   size_t MinHeapSize                              = 8388608                                   {product} {ergonomic}
    uintx NonNMethodCodeHeapSize                   = 5832780                                {pd product} {ergonomic}
    uintx NonProfiledCodeHeapSize                  = 122912730                              {pd product} {ergonomic}
    uintx ProfiledCodeHeapSize                     = 122912730                              {pd product} {ergonomic}
    uintx ReservedCodeCacheSize                    = 251658240                              {pd product} {ergonomic}
     bool SegmentedCodeCache                       = true                                      {product} {ergonomic}
   size_t SoftMaxHeapSize                          = 8556380160                             {manageable} {ergonomic}
     bool UseCompressedOops                        = true                           {product lp64_product} {ergonomic}
     bool UseG1GC                                  = true                                      {product} {ergonomic}
     bool UseLargePagesIndividualAllocation        = false                                  {pd product} {ergonomic}

Logging:
Log output configuration:
 #0: stdout all=warning uptime,level,tags foldmultilines=false
 #1: stderr all=off uptime,level,tags foldmultilines=false

Environment Variables:
JAVA_HOME=D:\jdks\corretto-21.0.2
PATH=C:\Windows\System32;C:\Windows;C:\Windows\System32\wbem;C:\Windows\System32\WindowsPowerShell\v1.0\;C:\Users\mahtirschii\AppData\Roaming\npm;C:\Program Files\PostgreSQL\9.6\bin;C:\Program Files\PostgreSQL\9.6\lib;C:\ProgramData\chocolatey\bin;C:\Program Files\nodejs\;C:\Windows\System32\OpenSSH\;C:\Program Files\Microsoft VS Code\bin;C:\Program Files (x86)\Microsoft SQL Server\150\DTS\Binn\;C:\Program Files\Microsoft SQL Server\Client SDK\ODBC\170\Tools\Binn\;C:\Program Files (x86)\Microsoft SQL Server\150\Tools\Binn\;C:\Program Files\Microsoft SQL Server\150\Tools\Binn\;C:\Program Files\Microsoft SQL Server\150\DTS\Binn\;C:\Program Files\PuTTY\;D:\cygwin64\bin;D:\cygwin64\sbin;C:\WINDOWS\SysWow64;C:\Program Files (x86)\Gpg4win\..\GnuPG\bin;C:\Program Files\Docker\Docker\resources\bin;C:\Program Files\Git\cmd;C:\Users\mahtirschii\AppData\Local\Microsoft\WindowsApps;D:\Downloads\OpenJDK11U-jdk_x64_windows_hotspot_11.0.16.1_1\jdk-11.0.16.1+1\bin;D:\Programs\apache-maven-3.9.8\bin;C:\Users\mahtirschii\AppData\Roaming\npm;C:\Users\mahtirschii\bin\Sencha\Cmd\6.6.0.13;C:\Program Files\KNIME;D:\apps\rubyinstaller-2.5.1-2-x64\bin;C:\Users\mahtirschii\AppData\Local\JetBrains\IntelliJ IDEA 2021.2\bin;C:\Users\mahtirschii\AppData\Local\GnuPG\bin;D:\Programs\gradle-8.9\bin;C:\Program Files\PostgreSQL\15\bin;C:\Users\mahtirschii\AppData\Local\JetBrains\IntelliJ IDEA 2023.2\bin;;C:\Users\mahtirschii\AppData\Local\Google\Cloud SDK\google-cloud-sdk\bin;D:\Programs;D:\Programs\curl-8.8.0_3-win64-mingw\bin;
USERNAME=mahtirschii
OS=Windows_NT
PROCESSOR_IDENTIFIER=Intel64 Family 6 Model 158 Stepping 10, GenuineIntel
TMP=C:\Users\MAHTIR~1\AppData\Local\Temp
TEMP=C:\Users\MAHTIR~1\AppData\Local\Temp




Periodic native trim disabled

---------------  S Y S T E M  ---------------

OS:
 Windows 10 , 64 bit Build 19041 (10.0.19041.4842)
OS uptime: 3 days 20:57 hours
Hyper-V role detected

CPU: total 6 (initial active 6) (6 cores per cpu, 1 threads per core) family 6 model 158 stepping 10 microcode 0xb4, cx8, cmov, fxsr, mmx, 3dnowpref, sse, sse2, sse3, ssse3, sse4.1, sse4.2, popcnt, lzcnt, tsc, tscinvbit, avx, avx2, aes, erms, clmul, bmi1, bmi2, adx, fma, vzeroupper, clflush, clflushopt, hv, rdtscp, f16c
Processor Information for all 6 processors :
  Max Mhz: 2808, Current Mhz: 2808, Mhz Limit: 2808

Memory: 4k page, system-wide physical 32639M (3068M free)
TotalPageFile size 40831M (AvailPageFile size 399M)
current process WorkingSet (physical memory assigned to process): 11M, peak: 11M
current process commit charge ("private bytes"): 57M, peak: 569M

vm_info: OpenJDK 64-Bit Server VM (21.0.2+13-LTS) for windows-amd64 JRE (21.0.2+13-LTS), built on 2024-01-10T23:18:03Z by "Administrator" with MS VC++ 16.10 / 16.11 (VS2019)

END.
